#
# There is insufficient memory for the Java Runtime Environment to continue.
# Native memory allocation (mmap) failed to map 37748736 bytes for committing reserved memory.
# Possible reasons:
#   The system is out of physical RAM or swap space
#   In 32 bit mode, the process size limit was hit
# Possible solutions:
#   Reduce memory load on the system
#   Increase physical memory or swap space
#   Check if swap backing store is full
#   Use 64 bit Java on a 64 bit OS
#   Decrease Java heap size (-Xmx/-Xms)
#   Decrease number of Java threads
#   Decrease Java thread stack sizes (-Xss)
#   Set larger code cache with -XX:ReservedCodeCacheSize=
# This output file may be truncated or incomplete.
#
#  Out of Memory Error (os_linux.cpp:2643), pid=4897, tid=0x00007fdec98c0700
#
# JRE version: OpenJDK Runtime Environment (8.0_131-b11) (build 1.8.0_131-8u131-b11-2ubuntu1.16.04.3-b11)
# Java VM: OpenJDK 64-Bit Server VM (25.131-b11 mixed mode linux-amd64 compressed oops)
# Failed to write core dump. Core dumps have been disabled. To enable core dumping, try "ulimit -c unlimited" before starting Java again
#

---------------  T H R E A D  ---------------

Current thread (0x00007fdedc077800):  VMThread [stack: 0x00007fdec97c0000,0x00007fdec98c1000] [id=4906]

Stack: [0x00007fdec97c0000,0x00007fdec98c1000],  sp=0x00007fdec98bf4a0,  free space=1021k
Native frames: (J=compiled Java code, j=interpreted, Vv=VM code, C=native code)
V  [libjvm.so+0xa6a1bb]
V  [libjvm.so+0x4c5a6c]
V  [libjvm.so+0x8b85a0]
V  [libjvm.so+0x8b2a1e]
V  [libjvm.so+0x92d556]
V  [libjvm.so+0x92e883]
V  [libjvm.so+0x92af33]
V  [libjvm.so+0x923d49]
V  [libjvm.so+0x449933]
V  [libjvm.so+0xa6b749]
V  [libjvm.so+0xa70f57]
V  [libjvm.so+0xa6e727]
V  [libjvm.so+0xa6fbaf]
V  [libjvm.so+0xa700a1]
V  [libjvm.so+0x8b5a82]

VM_Operation (0x00007fdee3cdb940): CollectForMetadataAllocation, mode: safepoint, requested by thread 0x00007fdedc00e000


---------------  P R O C E S S  ---------------

Java Threads: ( => current thread )
  0x00007fdedcab3800 JavaThread "pool-1-thread-1" [_thread_blocked, id=4918, stack(0x00007fdea00e9000,0x00007fdea01ea000)]
  0x00007fdedca80000 JavaThread "MVStore background writer nio:/home/lbeutl/git/ci_rt_roundtrip1/ci_round_trip/ci_rt_data/target/h2db.mv.db" daemon [_thread_blocked, id=4917, stack(0x00007fdea01ea000,0x00007fdea02eb000)]
  0x00007fdedca2e800 JavaThread "Abandoned connection cleanup thread" daemon [_thread_blocked, id=4915, stack(0x00007fdea06fe000,0x00007fdea07ff000)]
  0x00007fdedc5af800 JavaThread "ReaderThread" [_thread_in_native, id=4914, stack(0x00007fdec8112000,0x00007fdec8213000)]
  0x00007fdedc0b3000 JavaThread "Service Thread" daemon [_thread_blocked, id=4912, stack(0x00007fdec87fb000,0x00007fdec88fc000)]
  0x00007fdedc0b0000 JavaThread "C1 CompilerThread1" daemon [_thread_blocked, id=4911, stack(0x00007fdec88fc000,0x00007fdec89fd000)]
  0x00007fdedc0ad800 JavaThread "C2 CompilerThread0" daemon [_thread_blocked, id=4910, stack(0x00007fdec89fd000,0x00007fdec8afe000)]
  0x00007fdedc0ab000 JavaThread "Signal Dispatcher" daemon [_thread_blocked, id=4909, stack(0x00007fdec8afe000,0x00007fdec8bff000)]
  0x00007fdedc084000 JavaThread "Finalizer" daemon [_thread_blocked, id=4908, stack(0x00007fdec95be000,0x00007fdec96bf000)]
  0x00007fdedc07f000 JavaThread "Reference Handler" daemon [_thread_blocked, id=4907, stack(0x00007fdec96bf000,0x00007fdec97c0000)]
  0x00007fdedc00e000 JavaThread "main" [_thread_blocked, id=4903, stack(0x00007fdee3be0000,0x00007fdee3ce1000)]

Other Threads:
=>0x00007fdedc077800 VMThread [stack: 0x00007fdec97c0000,0x00007fdec98c1000] [id=4906]
  0x00007fdedc0ba000 WatcherThread [stack: 0x00007fdec86fa000,0x00007fdec87fb000] [id=4913]

VM state:at safepoint (normal execution)

VM Mutex/Monitor currently owned by a thread:  ([mutex/lock_event])
[0x00007fdedc00a780] Threads_lock - owner thread: 0x00007fdedc077800
[0x00007fdedc00ac80] Heap_lock - owner thread: 0x00007fdedc00e000

Heap:
 PSYoungGen      total 67584K, used 2579K [0x00000000eb700000, 0x00000000eff00000, 0x0000000100000000)
  eden space 62464K, 0% used [0x00000000eb700000,0x00000000eb700000,0x00000000ef400000)
  from space 5120K, 50% used [0x00000000ef400000,0x00000000ef684fd0,0x00000000ef900000)
  to   space 4096K, 0% used [0x00000000ef900000,0x00000000ef900000,0x00000000efd00000)
 ParOldGen       total 42496K, used 4174K [0x00000000c2400000, 0x00000000c4d80000, 0x00000000eb700000)
  object space 42496K, 9% used [0x00000000c2400000,0x00000000c2813a98,0x00000000c4d80000)
 Metaspace       used 20852K, capacity 21112K, committed 21296K, reserved 1069056K
  class space    used 2553K, capacity 2646K, committed 2688K, reserved 1048576K

Card table byte_map: [0x00007fdee00a8000,0x00007fdee0297000] byte_map_base: 0x00007fdedfa96000

Marking Bits: (ParMarkBitMap*) 0x00007fdee2eac2c0
 Begin Bits: [0x00007fdecadd4000, 0x00007fdecbd44000)
 End Bits:   [0x00007fdecbd44000, 0x00007fdecccb4000)

Polling page: 0x00007fdee3cff000

CodeCache: size=245760Kb used=4543Kb max_used=4543Kb free=241217Kb
 bounds [0x00007fdecd000000, 0x00007fdecd480000, 0x00007fdedc000000]
 total_blobs=1660 nmethods=1258 adapters=316
 compilation: enabled

Compilation events (10 events):
Event: 5,016 Thread 0x00007fdedc0ad800 1255       4       java.util.ArrayList$Itr::next (66 bytes)
Event: 5,017 Thread 0x00007fdedc0ad800 nmethod 1255 0x00007fdecd458d50 code [0x00007fdecd458ea0, 0x00007fdecd458fd8]
Event: 5,018 Thread 0x00007fdedc0ad800 1256       4       java.util.ArrayList$Itr::hasNext (20 bytes)
Event: 5,018 Thread 0x00007fdedc0ad800 nmethod 1256 0x00007fdecd45b010 code [0x00007fdecd45b160, 0x00007fdecd45b1f8]
Event: 5,059 Thread 0x00007fdedc0ad800 1257   !   4       java.util.zip.ZipFile$ZipFileInputStream::close (110 bytes)
Event: 5,071 Thread 0x00007fdedc0ad800 nmethod 1257 0x00007fdecd45ba10 code [0x00007fdecd45bbc0, 0x00007fdecd45c4a8]
Event: 5,082 Thread 0x00007fdedc0b0000 1258       3       sun.nio.cs.UTF_8$Decoder::decode (779 bytes)
Event: 5,087 Thread 0x00007fdedc0b0000 nmethod 1258 0x00007fdecd46c9d0 code [0x00007fdecd46d000, 0x00007fdecd471a38]
Event: 5,215 Thread 0x00007fdedc0b0000 1259       3       java.lang.Package::<init> (56 bytes)
Event: 5,215 Thread 0x00007fdedc0b0000 nmethod 1259 0x00007fdecd45b290 code [0x00007fdecd45b400, 0x00007fdecd45b670]

GC Heap History (10 events):
Event: 2,534 GC heap after
Heap after GC invocations=4 (full 0):
 PSYoungGen      total 18432K, used 2546K [0x00000000eb700000, 0x00000000ecb80000, 0x0000000100000000)
  eden space 15872K, 0% used [0x00000000eb700000,0x00000000eb700000,0x00000000ec680000)
  from space 2560K, 99% used [0x00000000ec900000,0x00000000ecb7cbe0,0x00000000ecb80000)
  to   space 2560K, 0% used [0x00000000ec680000,0x00000000ec680000,0x00000000ec900000)
 ParOldGen       total 42496K, used 842K [0x00000000c2400000, 0x00000000c4d80000, 0x00000000eb700000)
  object space 42496K, 1% used [0x00000000c2400000,0x00000000c24d2b40,0x00000000c4d80000)
 Metaspace       used 9497K, capacity 9666K, committed 9984K, reserved 1058816K
  class space    used 1134K, capacity 1175K, committed 1280K, reserved 1048576K
}
Event: 2,674 GC heap before
{Heap before GC invocations=5 (full 0):
 PSYoungGen      total 18432K, used 18418K [0x00000000eb700000, 0x00000000ecb80000, 0x0000000100000000)
  eden space 15872K, 100% used [0x00000000eb700000,0x00000000ec680000,0x00000000ec680000)
  from space 2560K, 99% used [0x00000000ec900000,0x00000000ecb7cbe0,0x00000000ecb80000)
  to   space 2560K, 0% used [0x00000000ec680000,0x00000000ec680000,0x00000000ec900000)
 ParOldGen       total 42496K, used 842K [0x00000000c2400000, 0x00000000c4d80000, 0x00000000eb700000)
  object space 42496K, 1% used [0x00000000c2400000,0x00000000c24d2b40,0x00000000c4d80000)
 Metaspace       used 9910K, capacity 10082K, committed 10240K, reserved 1058816K
  class space    used 1188K, capacity 1207K, committed 1280K, reserved 1048576K
Event: 2,679 GC heap after
Heap after GC invocations=5 (full 0):
 PSYoungGen      total 18432K, used 2540K [0x00000000eb700000, 0x00000000edd00000, 0x0000000100000000)
  eden space 15872K, 0% used [0x00000000eb700000,0x00000000eb700000,0x00000000ec680000)
  from space 2560K, 99% used [0x00000000ec680000,0x00000000ec8fb370,0x00000000ec900000)
  to   space 3584K, 0% used [0x00000000ed980000,0x00000000ed980000,0x00000000edd00000)
 ParOldGen       total 42496K, used 1128K [0x00000000c2400000, 0x00000000c4d80000, 0x00000000eb700000)
  object space 42496K, 2% used [0x00000000c2400000,0x00000000c251a178,0x00000000c4d80000)
 Metaspace       used 9910K, capacity 10082K, committed 10240K, reserved 1058816K
  class space    used 1188K, capacity 1207K, committed 1280K, reserved 1048576K
}
Event: 2,685 GC heap before
{Heap before GC invocations=6 (full 0):
 PSYoungGen      total 18432K, used 18379K [0x00000000eb700000, 0x00000000edd00000, 0x0000000100000000)
  eden space 15872K, 99% used [0x00000000eb700000,0x00000000ec677b48,0x00000000ec680000)
  from space 2560K, 99% used [0x00000000ec680000,0x00000000ec8fb370,0x00000000ec900000)
  to   space 3584K, 0% used [0x00000000ed980000,0x00000000ed980000,0x00000000edd00000)
 ParOldGen       total 42496K, used 1128K [0x00000000c2400000, 0x00000000c4d80000, 0x00000000eb700000)
  object space 42496K, 2% used [0x00000000c2400000,0x00000000c251a178,0x00000000c4d80000)
 Metaspace       used 9910K, capacity 10082K, committed 10240K, reserved 1058816K
  class space    used 1188K, capacity 1207K, committed 1280K, reserved 1048576K
Event: 2,689 GC heap after
Heap after GC invocations=6 (full 0):
 PSYoungGen      total 35328K, used 2572K [0x00000000eb700000, 0x00000000edd00000, 0x0000000100000000)
  eden space 31744K, 0% used [0x00000000eb700000,0x00000000eb700000,0x00000000ed600000)
  from space 3584K, 71% used [0x00000000ed980000,0x00000000edc03148,0x00000000edd00000)
  to   space 3584K, 0% used [0x00000000ed600000,0x00000000ed600000,0x00000000ed980000)
 ParOldGen       total 42496K, used 1136K [0x00000000c2400000, 0x00000000c4d80000, 0x00000000eb700000)
  object space 42496K, 2% used [0x00000000c2400000,0x00000000c251c178,0x00000000c4d80000)
 Metaspace       used 9910K, capacity 10082K, committed 10240K, reserved 1058816K
  class space    used 1188K, capacity 1207K, committed 1280K, reserved 1048576K
}
Event: 3,835 GC heap before
{Heap before GC invocations=7 (full 0):
 PSYoungGen      total 35328K, used 34316K [0x00000000eb700000, 0x00000000edd00000, 0x0000000100000000)
  eden space 31744K, 100% used [0x00000000eb700000,0x00000000ed600000,0x00000000ed600000)
  from space 3584K, 71% used [0x00000000ed980000,0x00000000edc03148,0x00000000edd00000)
  to   space 3584K, 0% used [0x00000000ed600000,0x00000000ed600000,0x00000000ed980000)
 ParOldGen       total 42496K, used 1136K [0x00000000c2400000, 0x00000000c4d80000, 0x00000000eb700000)
  object space 42496K, 2% used [0x00000000c2400000,0x00000000c251c178,0x00000000c4d80000)
 Metaspace       used 15557K, capacity 15762K, committed 16128K, reserved 1062912K
  class space    used 1879K, capacity 1951K, committed 2048K, reserved 1048576K
Event: 3,867 GC heap after
Heap after GC invocations=7 (full 0):
 PSYoungGen      total 35328K, used 3478K [0x00000000eb700000, 0x00000000efd00000, 0x0000000100000000)
  eden space 31744K, 0% used [0x00000000eb700000,0x00000000eb700000,0x00000000ed600000)
  from space 3584K, 97% used [0x00000000ed600000,0x00000000ed9658f0,0x00000000ed980000)
  to   space 4096K, 0% used [0x00000000ef900000,0x00000000ef900000,0x00000000efd00000)
 ParOldGen       total 42496K, used 2569K [0x00000000c2400000, 0x00000000c4d80000, 0x00000000eb700000)
  object space 42496K, 6% used [0x00000000c2400000,0x00000000c26826a8,0x00000000c4d80000)
 Metaspace       used 15557K, capacity 15762K, committed 16128K, reserved 1062912K
  class space    used 1879K, capacity 1951K, committed 2048K, reserved 1048576K
}
Event: 5,028 GC heap before
{Heap before GC invocations=8 (full 0):
 PSYoungGen      total 35328K, used 35222K [0x00000000eb700000, 0x00000000efd00000, 0x0000000100000000)
  eden space 31744K, 100% used [0x00000000eb700000,0x00000000ed600000,0x00000000ed600000)
  from space 3584K, 97% used [0x00000000ed600000,0x00000000ed9658f0,0x00000000ed980000)
  to   space 4096K, 0% used [0x00000000ef900000,0x00000000ef900000,0x00000000efd00000)
 ParOldGen       total 42496K, used 2569K [0x00000000c2400000, 0x00000000c4d80000, 0x00000000eb700000)
  object space 42496K, 6% used [0x00000000c2400000,0x00000000c26826a8,0x00000000c4d80000)
 Metaspace       used 19830K, capacity 20088K, committed 20224K, reserved 1067008K
  class space    used 2432K, capacity 2518K, committed 2560K, reserved 1048576K
Event: 5,047 GC heap after
Heap after GC invocations=8 (full 0):
 PSYoungGen      total 66560K, used 4092K [0x00000000eb700000, 0x00000000eff00000, 0x0000000100000000)
  eden space 62464K, 0% used [0x00000000eb700000,0x00000000eb700000,0x00000000ef400000)
  from space 4096K, 99% used [0x00000000ef900000,0x00000000efcff168,0x00000000efd00000)
  to   space 5120K, 0% used [0x00000000ef400000,0x00000000ef400000,0x00000000ef900000)
 ParOldGen       total 42496K, used 3832K [0x00000000c2400000, 0x00000000c4d80000, 0x00000000eb700000)
  object space 42496K, 9% used [0x00000000c2400000,0x00000000c27be058,0x00000000c4d80000)
 Metaspace       used 19830K, capacity 20088K, committed 20224K, reserved 1067008K
  class space    used 2432K, capacity 2518K, committed 2560K, reserved 1048576K
}
Event: 5,241 GC heap before
{Heap before GC invocations=9 (full 0):
 PSYoungGen      total 66560K, used 12126K [0x00000000eb700000, 0x00000000eff00000, 0x0000000100000000)
  eden space 62464K, 12% used [0x00000000eb700000,0x00000000ebed8978,0x00000000ef400000)
  from space 4096K, 99% used [0x00000000ef900000,0x00000000efcff168,0x00000000efd00000)
  to   space 5120K, 0% used [0x00000000ef400000,0x00000000ef400000,0x00000000ef900000)
 ParOldGen       total 42496K, used 3832K [0x00000000c2400000, 0x00000000c4d80000, 0x00000000eb700000)
  object space 42496K, 9% used [0x00000000c2400000,0x00000000c27be058,0x00000000c4d80000)
 Metaspace       used 20852K, capacity 21112K, committed 21296K, reserved 1069056K
  class space    used 2553K, capacity 2646K, committed 2688K, reserved 1048576K

Deoptimization events (10 events):
Event: 2,506 Thread 0x00007fdedc00e000 Uncommon trap: reason=range_check action=make_not_entrant pc=0x00007fdecd24c580 method=sun.reflect.generics.parser.SignatureParser.current()C @ 34
Event: 2,894 Thread 0x00007fdedc00e000 Uncommon trap: reason=unstable_if action=reinterpret pc=0x00007fdecd31b5ac method=java.net.URL.<init>(Ljava/net/URL;Ljava/lang/String;Ljava/net/URLStreamHandler;)V @ 347
Event: 4,505 Thread 0x00007fdedc00e000 Uncommon trap: reason=unstable_if action=reinterpret pc=0x00007fdecd35f27c method=java.util.HashMap.hash(Ljava/lang/Object;)I @ 1
Event: 4,679 Thread 0x00007fdedca2e800 Uncommon trap: reason=unstable_if action=reinterpret pc=0x00007fdecd1aa5bc method=java.util.zip.ZipCoder.getBytes(Ljava/lang/String;)[B @ 32
Event: 4,679 Thread 0x00007fdedca2e800 Uncommon trap: reason=unstable_if action=reinterpret pc=0x00007fdecd189b10 method=java.util.zip.ZipCoder.getBytes(Ljava/lang/String;)[B @ 32
Event: 4,679 Thread 0x00007fdedca2e800 Uncommon trap: reason=unstable_if action=reinterpret pc=0x00007fdecd420730 method=java.net.URL.<init>(Ljava/net/URL;Ljava/lang/String;Ljava/net/URLStreamHandler;)V @ 57
Event: 4,679 Thread 0x00007fdedca2e800 Uncommon trap: reason=unstable_if action=reinterpret pc=0x00007fdecd36786c method=java.net.URLStreamHandler.parseURL(Ljava/net/URL;Ljava/lang/String;II)V @ 57
Event: 4,679 Thread 0x00007fdedca2e800 Uncommon trap: reason=unstable_if action=reinterpret pc=0x00007fdecd403eb8 method=java.lang.ThreadLocal.get()Ljava/lang/Object; @ 11
Event: 5,006 Thread 0x00007fdedc00e000 Uncommon trap: reason=unstable_if action=reinterpret pc=0x00007fdecd2b2e20 method=sun.nio.cs.UTF_8$Decoder.decode([BII[C)I @ 30
Event: 5,026 Thread 0x00007fdedc00e000 Uncommon trap: reason=unstable_if action=reinterpret pc=0x00007fdecd3e0cd4 method=java.lang.ref.SoftReference.get()Ljava/lang/Object; @ 6

Internal exceptions (10 events):
Event: 2,615 Thread 0x00007fdedc00e000 Exception <a 'java/lang/ClassNotFoundException': com/capgemini/test/AppConfig$$EnhancerBySpringCGLIB$$20d42b34BeanInfo> (0x00000000ec052040) thrown at [/build/openjdk-8-pZyJp3/openjdk-8-8u131-b11/src/hotspot/src/share/vm/classfile/systemDictionary.cpp, li
Event: 2,616 Thread 0x00007fdedc00e000 Exception <a 'java/lang/ClassNotFoundException': com/capgemini/test/AppConfig$$EnhancerBySpringCGLIB$$20d42b34Customizer> (0x00000000ec07b3a8) thrown at [/build/openjdk-8-pZyJp3/openjdk-8-8u131-b11/src/hotspot/src/share/vm/classfile/systemDictionary.cpp, 
Event: 2,617 Thread 0x00007fdedc00e000 Exception <a 'java/lang/ClassNotFoundException': org/springframework/context/annotation/ConfigurationClassEnhancer$EnhancedConfigurationCustomizer> (0x00000000ec0b6100) thrown at [/build/openjdk-8-pZyJp3/openjdk-8-8u131-b11/src/hotspot/src/share/vm/classf
Event: 2,648 Thread 0x00007fdedc00e000 Exception <a 'java/lang/ClassNotFoundException': com/capgemini/test/dao/PersonDaoImplBeanInfo> (0x00000000ec26a278) thrown at [/build/openjdk-8-pZyJp3/openjdk-8-8u131-b11/src/hotspot/src/share/vm/classfile/systemDictionary.cpp, line 210]
Event: 2,649 Thread 0x00007fdedc00e000 Exception <a 'java/lang/ClassNotFoundException': com/capgemini/test/dao/PersonDaoImplCustomizer> (0x00000000ec289650) thrown at [/build/openjdk-8-pZyJp3/openjdk-8-8u131-b11/src/hotspot/src/share/vm/classfile/systemDictionary.cpp, line 210]
Event: 2,650 Thread 0x00007fdedc00e000 Exception <a 'java/lang/ClassNotFoundException': com/capgemini/test/dao/PersonDaoCustomizer> (0x00000000ec2ac330) thrown at [/build/openjdk-8-pZyJp3/openjdk-8-8u131-b11/src/hotspot/src/share/vm/classfile/systemDictionary.cpp, line 210]
Event: 3,195 Thread 0x00007fdedc00e000 Exception <a 'java/lang/NoSuchFieldError': method resolution failed> (0x00000000ec991758) thrown at [/build/openjdk-8-pZyJp3/openjdk-8-8u131-b11/src/hotspot/src/share/vm/prims/methodHandles.cpp, line 1146]
Event: 3,200 Thread 0x00007fdedc00e000 Exception <a 'java/lang/NoSuchFieldError': method resolution failed> (0x00000000ec99f5e8) thrown at [/build/openjdk-8-pZyJp3/openjdk-8-8u131-b11/src/hotspot/src/share/vm/prims/methodHandles.cpp, line 1146]
Event: 4,505 Thread 0x00007fdedc00e000 Implicit null exception at 0x00007fdecd35ec1b to 0x00007fdecd35f261
Event: 4,679 Thread 0x00007fdedca2e800 Implicit null exception at 0x00007fdecd4038b2 to 0x00007fdecd403ea1

Events (10 events):
Event: 5,226 loading class org/hibernate/internal/CoreMessageLogger_$logger_de_AT done
Event: 5,226 loading class org/hibernate/internal/CoreMessageLogger_$logger_de
Event: 5,226 loading class org/hibernate/internal/CoreMessageLogger_$logger_de done
Event: 5,226 loading class org/hibernate/dialect/H2Dialect$2
Event: 5,226 loading class org/hibernate/dialect/H2Dialect$2 done
Event: 5,226 Thread 0x00007fdedc00e000 DEOPT PACKING pc=0x00007fdecd470fd2 sp=0x00007fdee3cda3c0
Event: 5,226 Thread 0x00007fdedc00e000 DEOPT UNPACKING pc=0x00007fdecd047373 sp=0x00007fdee3cda260 mode 0
Event: 5,227 loading class org/hibernate/exception/spi/TemplatedViolatedConstraintNameExtracter
Event: 5,227 loading class org/hibernate/exception/spi/TemplatedViolatedConstraintNameExtracter done
Event: 5,231 Executing VM operation: CollectForMetadataAllocation


Dynamic libraries:
00400000-00401000 r-xp 00000000 08:01 282572                             /usr/lib/jvm/java-8-openjdk-amd64/jre/bin/java
00600000-00601000 r--p 00000000 08:01 282572                             /usr/lib/jvm/java-8-openjdk-amd64/jre/bin/java
00601000-00602000 rw-p 00001000 08:01 282572                             /usr/lib/jvm/java-8-openjdk-amd64/jre/bin/java
014e2000-01503000 rw-p 00000000 00:00 0                                  [heap]
c2400000-c4d80000 rw-p 00000000 00:00 0 
c4d80000-eb700000 ---p 00000000 00:00 0 
eb700000-eff00000 rw-p 00000000 00:00 0 
f2300000-100000000 ---p 00000000 00:00 0 
100000000-1002a0000 rw-p 00000000 00:00 0 
1002a0000-140000000 ---p 00000000 00:00 0 
7fde88000000-7fde88021000 rw-p 00000000 00:00 0 
7fde88021000-7fde8c000000 ---p 00000000 00:00 0 
7fde8fe00000-7fde8fe2c000 rw-p 00000000 00:00 0 
7fde8fe2c000-7fde90000000 ---p 00000000 00:00 0 
7fde90000000-7fde90021000 rw-p 00000000 00:00 0 
7fde90021000-7fde94000000 ---p 00000000 00:00 0 
7fde94000000-7fde94021000 rw-p 00000000 00:00 0 
7fde94021000-7fde98000000 ---p 00000000 00:00 0 
7fde98000000-7fde98021000 rw-p 00000000 00:00 0 
7fde98021000-7fde9c000000 ---p 00000000 00:00 0 
7fde9c000000-7fde9c021000 rw-p 00000000 00:00 0 
7fde9c021000-7fdea0000000 ---p 00000000 00:00 0 
7fdea00e9000-7fdea00ec000 ---p 00000000 00:00 0 
7fdea00ec000-7fdea01ea000 rw-p 00000000 00:00 0 
7fdea01ea000-7fdea01ed000 ---p 00000000 00:00 0 
7fdea01ed000-7fdea02eb000 rw-p 00000000 00:00 0 
7fdea02eb000-7fdea02fc000 r-xp 00000000 08:01 282495                     /usr/lib/jvm/java-8-openjdk-amd64/jre/lib/amd64/libnio.so
7fdea02fc000-7fdea04fc000 ---p 00011000 08:01 282495                     /usr/lib/jvm/java-8-openjdk-amd64/jre/lib/amd64/libnio.so
7fdea04fc000-7fdea04fd000 r--p 00011000 08:01 282495                     /usr/lib/jvm/java-8-openjdk-amd64/jre/lib/amd64/libnio.so
7fdea04fd000-7fdea04fe000 rw-p 00012000 08:01 282495                     /usr/lib/jvm/java-8-openjdk-amd64/jre/lib/amd64/libnio.so
7fdea04fe000-7fdea06fe000 rw-p 00000000 00:00 0 
7fdea06fe000-7fdea0701000 ---p 00000000 00:00 0 
7fdea0701000-7fdea09ff000 rw-p 00000000 00:00 0 
7fdea09ff000-7fdea0bff000 rw-p 00000000 00:00 0 
7fdea0bff000-7fdea0dff000 rw-p 00000000 00:00 0 
7fdea0dff000-7fdea0fff000 rw-p 00000000 00:00 0 
7fdea0fff000-7fdea4000000 rw-p 00000000 00:00 0 
7fdea4000000-7fdea4435000 rw-p 00000000 00:00 0 
7fdea4435000-7fdea8000000 ---p 00000000 00:00 0 
7fdea8000000-7fdea8021000 rw-p 00000000 00:00 0 
7fdea8021000-7fdeac000000 ---p 00000000 00:00 0 
7fdeac000000-7fdeac021000 rw-p 00000000 00:00 0 
7fdeac021000-7fdeb0000000 ---p 00000000 00:00 0 
7fdeb0000000-7fdeb0644000 rw-p 00000000 00:00 0 
7fdeb0644000-7fdeb4000000 ---p 00000000 00:00 0 
7fdeb4000000-7fdeb4021000 rw-p 00000000 00:00 0 
7fdeb4021000-7fdeb8000000 ---p 00000000 00:00 0 
7fdeb8000000-7fdeb8021000 rw-p 00000000 00:00 0 
7fdeb8021000-7fdebc000000 ---p 00000000 00:00 0 
7fdebc000000-7fdebc021000 rw-p 00000000 00:00 0 
7fdebc021000-7fdec0000000 ---p 00000000 00:00 0 
7fdec0000000-7fdec0021000 rw-p 00000000 00:00 0 
7fdec0021000-7fdec4000000 ---p 00000000 00:00 0 
7fdec4000000-7fdec4026000 rw-p 00000000 00:00 0 
7fdec4026000-7fdec8000000 ---p 00000000 00:00 0 
7fdec80d2000-7fdec80d9000 r--s 00000000 08:01 395988                     /usr/lib/x86_64-linux-gnu/gconv/gconv-modules.cache
7fdec80d9000-7fdec80ff000 r--p 00000000 08:01 545639                     /usr/share/locale-langpack/de/LC_MESSAGES/libc.mo
7fdec80ff000-7fdec8112000 r--s 00346000 08:01 282531                     /usr/lib/jvm/java-8-openjdk-amd64/jre/lib/resources.jar
7fdec8112000-7fdec8115000 ---p 00000000 00:00 0 
7fdec8115000-7fdec8213000 rw-p 00000000 00:00 0 
7fdec8213000-7fdec822a000 r-xp 00000000 08:01 282515                     /usr/lib/jvm/java-8-openjdk-amd64/jre/lib/amd64/libnet.so
7fdec822a000-7fdec8429000 ---p 00017000 08:01 282515                     /usr/lib/jvm/java-8-openjdk-amd64/jre/lib/amd64/libnet.so
7fdec8429000-7fdec842a000 r--p 00016000 08:01 282515                     /usr/lib/jvm/java-8-openjdk-amd64/jre/lib/amd64/libnet.so
7fdec842a000-7fdec842b000 rw-p 00017000 08:01 282515                     /usr/lib/jvm/java-8-openjdk-amd64/jre/lib/amd64/libnet.so
7fdec842b000-7fdec8439000 r--s 00085000 08:01 2874                       /home/lbeutl/.m2/repository/org/springframework/spring-test/4.3.10.RELEASE/spring-test-4.3.10.RELEASE.jar
7fdec8439000-7fdec843e000 r--s 0003c000 08:01 2884                       /home/lbeutl/.m2/repository/org/springframework/spring-expression/4.3.10.RELEASE/spring-expression-4.3.10.RELEASE.jar
7fdec843e000-7fdec844c000 r--s 000ad000 08:01 16747                      /home/lbeutl/.m2/repository/org/springframework/spring-beans/4.3.10.RELEASE/spring-beans-4.3.10.RELEASE.jar
7fdec844c000-7fdec8455000 r--s 00054000 08:01 2882                       /home/lbeutl/.m2/repository/org/springframework/spring-aop/4.3.10.RELEASE/spring-aop-4.3.10.RELEASE.jar
7fdec8455000-7fdec846e000 r--s 000fe000 08:01 2880                       /home/lbeutl/.m2/repository/org/springframework/spring-context/4.3.10.RELEASE/spring-context-4.3.10.RELEASE.jar
7fdec846e000-7fdec8471000 r--s 0000b000 08:01 934350                     /home/lbeutl/.m2/repository/org/objenesis/objenesis/2.5/objenesis-2.5.jar
7fdec8471000-7fdec8473000 r--s 00009000 08:01 2849                       /home/lbeutl/.m2/repository/net/bytebuddy/byte-buddy-agent/1.6.14/byte-buddy-agent-1.6.14.jar
7fdec8473000-7fdec8482000 r--s 00074000 08:01 934348                     /home/lbeutl/.m2/repository/org/mockito/mockito-core/2.8.47/mockito-core-2.8.47.jar
7fdec8482000-7fdec8484000 r--s 00009000 08:01 165702                     /home/lbeutl/.m2/repository/org/hamcrest/hamcrest-core/1.3/hamcrest-core-1.3.jar
7fdec8484000-7fdec8485000 r--s 0000c000 08:01 165907                     /home/lbeutl/.m2/repository/org/hamcrest/hamcrest-library/1.3/hamcrest-library-1.3.jar
7fdec8485000-7fdec848d000 r--s 00045000 08:01 932603                     /home/lbeutl/.m2/repository/junit/junit/4.12/junit-4.12.jar
7fdec848d000-7fdec84a4000 r--s 00115000 08:01 165508                     /home/lbeutl/.m2/repository/org/assertj/assertj-core/3.8.0/assertj-core-3.8.0.jar
7fdec84a4000-7fdec84a5000 r--s 00000000 08:01 3250                       /home/lbeutl/.m2/repository/org/slf4j/slf4j-nop/1.7.25/slf4j-nop-1.7.25.jar
7fdec84a5000-7fdec84a7000 r--s 00001000 08:01 3226                       /home/lbeutl/.m2/repository/org/slf4j/slf4j-jdk14/1.7.25/slf4j-jdk14-1.7.25.jar
7fdec84a7000-7fdec84a9000 r--s 00002000 08:01 935950                     /home/lbeutl/.m2/repository/org/apache/maven/plugin-tools/maven-plugin-annotations/3.3/maven-plugin-annotations-3.3.jar
7fdec84a9000-7fdec84ab000 r--s 00008000 08:01 3441                       /home/lbeutl/.m2/repository/org/apache/maven/maven-toolchain/2.2.1/maven-toolchain-2.2.1.jar
7fdec84ab000-7fdec84ad000 r--s 00002000 08:01 3439                       /home/lbeutl/.m2/repository/org/apache/maven/surefire/surefire-logger-api/2.20/surefire-logger-api-2.20.jar
7fdec84ad000-7fdec84b2000 r--s 00028000 08:01 3437                       /home/lbeutl/.m2/repository/org/apache/maven/surefire/surefire-api/2.20/surefire-api-2.20.jar
7fdec84b2000-7fdec84b4000 r--s 00002000 08:01 3435                       /home/lbeutl/.m2/repository/org/sonatype/plexus/plexus-cipher/1.4/plexus-cipher-1.4.jar
7fdec84b4000-7fdec84b5000 r--s 00006000 08:01 3433                       /home/lbeutl/.m2/repository/org/sonatype/plexus/plexus-sec-dispatcher/1.3/plexus-sec-dispatcher-1.3.jar
7fdec84b5000-7fdec84b7000 r--s 00008000 08:01 16305                      /home/lbeutl/.m2/repository/classworlds/classworlds/1.1/classworlds-1.1.jar
7fdec84b7000-7fdec84b8000 r--s 00002000 08:01 3431                       /home/lbeutl/.m2/repository/org/apache/maven/maven-monitor/2.2.1/maven-monitor-2.2.1.jar
7fdec84b8000-7fdec84ba000 r--s 00002000 08:01 3429                       /home/lbeutl/.m2/repository/org/apache/maven/maven-error-diagnostics/2.2.1/maven-error-diagnostics-2.2.1.jar
7fdec84ba000-7fdec84bc000 r--s 00005000 08:01 3427                       /home/lbeutl/.m2/repository/org/apache/maven/maven-repository-metadata/2.2.1/maven-repository-metadata-2.2.1.jar
7fdec84bc000-7fdec84be000 r--s 0000b000 08:01 936211                     /home/lbeutl/.m2/repository/org/apache/maven/wagon/wagon-provider-api/1.0-beta-6/wagon-provider-api-1.0-beta-6.jar
7fdec84be000-7fdec84bf000 r--s 00002000 08:01 3425                       /home/lbeutl/.m2/repository/org/apache/maven/doxia/doxia-logging-api/1.1/doxia-logging-api-1.1.jar
7fdec84bf000-7fdec84c0000 r--s 00002000 08:01 3423                       /home/lbeutl/.m2/repository/org/apache/maven/reporting/maven-reporting-api/2.2.1/maven-reporting-api-2.2.1.jar
7fdec84c0000-7fdec84c5000 r--s 0002d000 08:01 936209                     /home/lbeutl/.m2/repository/org/apache/jackrabbit/jackrabbit-jcr-commons/1.5.0/jackrabbit-jcr-commons-1.5.0.jar
7fdec84c5000-7fdec84cb000 r--s 00044000 08:01 936207                     /home/lbeutl/.m2/repository/org/apache/jackrabbit/jackrabbit-webdav/1.5.0/jackrabbit-webdav-1.5.0.jar
7fdec84cb000-7fdec84cd000 r--s 00003000 08:01 936205                     /home/lbeutl/.m2/repository/org/apache/maven/wagon/wagon-webdav-jackrabbit/1.0-beta-6/wagon-webdav-jackrabbit-1.0-beta-6.jar
7fdec84cd000-7fdec84cf000 r--s 00006000 08:01 936201                     /home/lbeutl/.m2/repository/commons-codec/commons-codec/1.2/commons-codec-1.2.jar
7fdec84cf000-7fdec84d5000 r--s 00045000 08:01 936199                     /home/lbeutl/.m2/repository/commons-httpclient/commons-httpclient/3.1/commons-httpclient-3.1.jar
7fdec84d5000-7fdec84d8000 r--s 00019000 08:01 936197                     /home/lbeutl/.m2/repository/nekohtml/nekohtml/1.9.6.2/nekohtml-1.9.6.2.jar
7fdec84d8000-7fdec84da000 r--s 00008000 08:01 936195                     /home/lbeutl/.m2/repository/nekohtml/xercesMinimal/1.9.6.2/xercesMinimal-1.9.6.2.jar
7fdec84da000-7fdec84dc000 r--s 00005000 08:01 936193                     /home/lbeutl/.m2/repository/org/apache/maven/wagon/wagon-http-shared/1.0-beta-6/wagon-http-shared-1.0-beta-6.jar
7fdec84dc000-7fdec84dd000 r--s 00002000 08:01 936191                     /home/lbeutl/.m2/repository/org/apache/maven/wagon/wagon-http/1.0-beta-6/wagon-http-1.0-beta-6.jar
7fdec84dd000-7fdec84df000 r--s 00004000 08:01 3417                       /home/lbeutl/.m2/repository/org/apache/maven/maven-plugin-parameter-documenter/2.2.1/maven-plugin-parameter-documenter-2.2.1.jar
7fdec84df000-7fdec84e3000 r--s 00028000 08:01 3415                       /home/lbeutl/.m2/repository/org/apache/maven/maven-core/2.2.1/maven-core-2.2.1.jar
7fdec84e3000-7fdec84e5000 r--s 00014000 08:01 3413                       /home/lbeutl/.m2/repository/org/apache/maven/maven-model/2.2.1/maven-model-2.2.1.jar
7fdec84e5000-7fdec84e7000 r--s 0000b000 08:01 3411                       /home/lbeutl/.m2/repository/org/codehaus/plexus/plexus-interpolation/1.11/plexus-interpolation-1.11.jar
7fdec84e7000-7fdec84e9000 r--s 00006000 08:01 3409                       /home/lbeutl/.m2/repository/org/apache/maven/maven-plugin-registry/2.2.1/maven-plugin-registry-2.2.1.jar
7fdec84e9000-7fdec84f1000 r--s 00049000 08:01 3407                       /home/lbeutl/.m2/repository/backport-util-concurrent/backport-util-concurrent/3.1/backport-util-concurrent-3.1.jar
7fdec84f1000-7fdec84f3000 r--s 0000f000 08:01 3405                       /home/lbeutl/.m2/repository/org/apache/maven/maven-artifact-manager/2.2.1/maven-artifact-manager-2.2.1.jar
7fdec84f3000-7fdec84f5000 r--s 00007000 08:01 3403                       /home/lbeutl/.m2/repository/org/apache/maven/maven-profile/2.2.1/maven-profile-2.2.1.jar
7fdec84f5000-7fdec84f6000 r--s 0000b000 08:01 3401                       /home/lbeutl/.m2/repository/org/apache/maven/maven-settings/2.2.1/maven-settings-2.2.1.jar
7fdec84f6000-7fdec84fa000 r--s 00023000 08:01 3399                       /home/lbeutl/.m2/repository/org/apache/maven/maven-project/2.2.1/maven-project-2.2.1.jar
7fdec84fa000-7fdec8501000 r--s 00029000 08:01 16225                      /home/lbeutl/.m2/repository/org/codehaus/plexus/plexus-container-default/1.0-alpha-9-stable-1/plexus-container-default-1.0-alpha-9-stable-1.jar
7fdec8501000-7fdec8503000 r--s 00008000 08:01 3397                       /home/lbeutl/.m2/repository/org/apache/maven/maven-plugin-descriptor/2.2.1/maven-plugin-descriptor-2.2.1.jar
7fdec8503000-7fdec8507000 r--s 00034000 08:01 3395                       /home/lbeutl/.m2/repository/org/codehaus/plexus/plexus-utils/1.5.15/plexus-utils-1.5.15.jar
7fdec8507000-7fdec850a000 r--s 00011000 08:01 3393                       /home/lbeutl/.m2/repository/org/apache/maven/maven-artifact/2.2.1/maven-artifact-2.2.1.jar
7fdec850a000-7fdec850c000 r--s 0000b000 08:01 3391                       /home/lbeutl/.m2/repository/org/apache/maven/surefire/surefire-booter/2.20/surefire-booter-2.20.jar
7fdec850c000-7fdec8512000 r--s 0004b000 08:01 3389                       /home/lbeutl/.m2/repository/org/apache/maven/surefire/maven-surefire-common/2.20/maven-surefire-common-2.20.jar
7fdec8512000-7fdec8514000 r--s 00002000 08:01 3387                       /home/lbeutl/.m2/repository/org/apache/maven/maven-plugin-api/2.2.1/maven-plugin-api-2.2.1.jar
7fdec8514000-7fdec8515000 r--s 0000c000 08:01 936189                     /home/lbeutl/.m2/repository/org/apache/maven/plugins/maven-surefire-plugin/2.20/maven-surefire-plugin-2.20.jar
7fdec8515000-7fdec8517000 r--s 00003000 08:01 165632                     /home/lbeutl/.m2/repository/org/slf4j/jcl-over-slf4j/1.7.5/jcl-over-slf4j-1.7.5.jar
7fdec8517000-7fdec8519000 r--s 00005000 08:01 165630                     /home/lbeutl/.m2/repository/org/slf4j/slf4j-api/1.7.5/slf4j-api-1.7.5.jar
7fdec8519000-7fdec8520000 r--s 00058000 08:01 165628                     /home/lbeutl/.m2/repository/org/apache/commons/commons-lang3/3.2.1/commons-lang3-3.2.1.jar
7fdec8520000-7fdec852e000 r--s 0007f000 08:01 165626                     /home/lbeutl/.m2/repository/commons-collections/commons-collections/3.2.1/commons-collections-3.2.1.jar
7fdec852e000-7fdec8533000 r--s 00034000 08:01 165624                     /home/lbeutl/.m2/repository/commons-beanutils/commons-beanutils/1.9.1/commons-beanutils-1.9.1.jar
7fdec8533000-7fdec8539000 r--s 0003e000 08:01 165622                     /home/lbeutl/.m2/repository/net/sf/dozer/dozer/5.5.1/dozer-5.5.1.jar
7fdec8539000-7fdec853e000 r--s 00017000 08:01 165900                     /home/lbeutl/.m2/repository/org/hibernate/javax/persistence/hibernate-jpa-2.1-api/1.0.0.Draft-16/hibernate-jpa-2.1-api-1.0.0.Draft-16.jar
7fdec853e000-7fdec854c000 r--s 001a1000 08:01 815108                     /home/lbeutl/.m2/repository/com/h2database/h2/1.4.191/h2-1.4.191.jar
7fdec854c000-7fdec8564000 r--s 001d5000 08:01 165431                     /home/lbeutl/.m2/repository/mysql/mysql-connector-java/8.0.7-dmr/mysql-connector-java-8.0.7-dmr.jar
7fdec8564000-7fdec8565000 r--s 00006000 08:01 16579                      /home/lbeutl/.m2/repository/org/jboss/spec/javax/transaction/jboss-transaction-api_1.2_spec/1.0.1.Final/jboss-transaction-api_1.2_spec-1.0.1.Final.jar
7fdec8565000-7fdec859f000 r--s 00268000 08:01 16912                      /home/lbeutl/.m2/repository/net/bytebuddy/byte-buddy/1.6.6/byte-buddy-1.6.6.jar
7fdec859f000-7fdec85a9000 r--s 000ae000 08:01 16575                      /home/lbeutl/.m2/repository/org/javassist/javassist/3.20.0-GA/javassist-3.20.0-GA.jar
7fdec85a9000-7fdec85ac000 r--s 00010000 08:01 16587                      /home/lbeutl/.m2/repository/org/hibernate/common/hibernate-commons-annotations/5.0.1.Final/hibernate-commons-annotations-5.0.1.Final.jar
7fdec85ac000-7fdec85b1000 r--s 00048000 08:01 16585                      /home/lbeutl/.m2/repository/dom4j/dom4j/1.6.1/dom4j-1.6.1.jar
7fdec85b1000-7fdec85b3000 r--s 0000e000 08:01 16583                      /home/lbeutl/.m2/repository/com/fasterxml/classmate/1.3.0/classmate-1.3.0.jar
7fdec85b3000-7fdec85b6000 r--s 0002b000 08:01 16581                      /home/lbeutl/.m2/repository/org/jboss/jandex/2.0.3.Final/jandex-2.0.3.Final.jar
7fdec85b6000-7fdec85bb000 r--s 00068000 08:01 16577                      /home/lbeutl/.m2/repository/antlr/antlr/2.7.7/antlr-2.7.7.jar
7fdec85bb000-7fdec8636000 r--s 005d5000 08:01 16569                      /home/lbeutl/.m2/repository/org/hibernate/hibernate-core/5.2.10.Final/hibernate-core-5.2.10.Final.jar
7fdec8636000-7fdec8638000 r--s 0000f000 08:01 16571                      /home/lbeutl/.m2/repository/org/jboss/logging/jboss-logging/3.3.0.Final/jboss-logging-3.3.0.Final.jar
7fdec8638000-7fdec8639000 r--s 00000000 08:01 16910                      /home/lbeutl/.m2/repository/org/hibernate/hibernate-entitymanager/5.2.10.Final/hibernate-entitymanager-5.2.10.Final.jar
7fdec8639000-7fdec863b000 r--s 0000e000 08:01 16745                      /home/lbeutl/.m2/repository/commons-logging/commons-logging/1.2/commons-logging-1.2.jar
7fdec863b000-7fdec8652000 r--s 000fc000 08:01 16741                      /home/lbeutl/.m2/repository/org/springframework/spring-core/4.3.10.RELEASE/spring-core-4.3.10.RELEASE.jar
7fdec8652000-7fdec8655000 r--s 00008000 08:01 401475                     /usr/share/java/tomcat8-i18n-fr-8.0.32.jar
7fdec8655000-7fdec8658000 r--s 00025000 08:01 401459                     /usr/share/java/tomcat8-jasper-el-8.0.32.jar
7fdec8658000-7fdec865b000 r--s 0000d000 08:01 394123                     /usr/share/java/jsp-api-2.3.jar
7fdec865b000-7fdec865f000 r--s 00038000 08:01 394122                     /usr/share/java/servlet-api-3.1.jar
7fdec865f000-7fdec8661000 r--s 00012000 08:01 394121                     /usr/share/java/el-api-3.0.jar
7fdec8661000-7fdec8671000 r--s 00194000 08:01 401449                     /usr/share/java/eclipse-ecj-3.10.0.jar
7fdec8671000-7fdec8678000 r--s 00089000 08:01 401468                     /usr/share/java/tomcat8-jasper-8.0.32.jar
7fdec8678000-7fdec867a000 r--s 0000c000 08:01 401454                     /usr/share/java/tomcat8-catalina-ant-8.0.32.jar
7fdec867a000-7fdec867e000 r--s 00031000 08:01 401453                     /usr/share/java/tomcat8-websocket-8.0.32.jar
7fdec867e000-7fdec8680000 r--s 00006000 08:01 401466                     /usr/share/java/tomcat8-jni-8.0.32.jar
7fdec8680000-7fdec8683000 r--s 0001f000 08:01 401457                     /usr/share/java/tomcat8-jdbc-8.0.32.jar
7fdec8683000-7fdec8685000 r--s 00011000 08:01 401460                     /usr/share/java/tomcat8-catalina-storeconfig-8.0.32.jar
7fdec8685000-7fdec868f000 r--s 000a4000 08:01 401472                     /usr/share/java/tomcat8-coyote-8.0.32.jar
7fdec868f000-7fdec8692000 r--s 0000e000 08:01 401461                     /usr/share/java/tomcat8-i18n-es-8.0.32.jar
7fdec8692000-7fdec8694000 r--s 00012000 08:01 401462                     /usr/share/java/tomcat8-el-api-8.0.32.jar
7fdec8694000-7fdec8698000 r--s 00038000 08:01 401470                     /usr/share/java/tomcat8-servlet-api-8.0.32.jar
7fdec8698000-7fdec869a000 r--s 00018000 08:01 401473                     /usr/share/java/tomcat8-util-8.0.32.jar
7fdec869a000-7fdec869d000 r--s 0000d000 08:01 401455                     /usr/share/java/tomcat8-jsp-api-8.0.32.jar
7fdec869d000-7fdec86a1000 r--s 00038000 08:01 401463                     /usr/share/java/tomcat8-dbcp-8.0.32.jar
7fdec86a1000-7fdec86a5000 r--s 0002e000 08:01 401474                     /usr/share/java/tomcat8-util-scan-8.0.32.jar
7fdec86a5000-7fdec86a7000 r--s 00009000 08:01 401465                     /usr/share/java/tomcat8-i18n-ja-8.0.32.jar
7fdec86a7000-7fdec86aa000 r--s 0001b000 08:01 401464                     /usr/share/java/tomcat8-catalina-ha-8.0.32.jar
7fdec86aa000-7fdec86ac000 r--s 00003000 08:01 401456                     /usr/share/java/tomcat8-annotations-api-8.0.32.jar
7fdec86ac000-7fdec86b1000 r--s 0003e000 08:01 401458                     /usr/share/java/tomcat8-tribes-8.0.32.jar
7fdec86b1000-7fdec86c4000 r--s 0016c000 08:01 401452                     /usr/share/java/tomcat8-catalina-8.0.32.jar
7fdec86c4000-7fdec86df000 r--s 00394000 08:01 282481                     /usr/lib/jvm/java-8-openjdk-amd64/jre/lib/ext/cldrdata.jar
7fdec86df000-7fdec86fa000 r--s 001d6000 08:01 282482                     /usr/lib/jvm/java-8-openjdk-amd64/jre/lib/ext/nashorn.jar
7fdec86fa000-7fdec86fb000 ---p 00000000 00:00 0 
7fdec86fb000-7fdec87fb000 rw-p 00000000 00:00 0 
7fdec87fb000-7fdec87fe000 ---p 00000000 00:00 0 
7fdec87fe000-7fdec88fc000 rw-p 00000000 00:00 0 
7fdec88fc000-7fdec88ff000 ---p 00000000 00:00 0 
7fdec88ff000-7fdec89fd000 rw-p 00000000 00:00 0 
7fdec89fd000-7fdec8a00000 ---p 00000000 00:00 0 
7fdec8a00000-7fdec8afe000 rw-p 00000000 00:00 0 
7fdec8afe000-7fdec8b01000 ---p 00000000 00:00 0 
7fdec8b01000-7fdec8bff000 rw-p 00000000 00:00 0 
7fdec8bff000-7fdec95be000 r--p 00000000 08:01 9274                       /usr/lib/locale/locale-archive
7fdec95be000-7fdec95c1000 ---p 00000000 00:00 0 
7fdec95c1000-7fdec96bf000 rw-p 00000000 00:00 0 
7fdec96bf000-7fdec96c2000 ---p 00000000 00:00 0 
7fdec96c2000-7fdec97c0000 rw-p 00000000 00:00 0 
7fdec97c0000-7fdec97c1000 ---p 00000000 00:00 0 
7fdec97c1000-7fdeca218000 rw-p 00000000 00:00 0 
7fdeca218000-7fdeca3e6000 r--s 03c13000 08:01 282479                     /usr/lib/jvm/java-8-openjdk-amd64/jre/lib/rt.jar
7fdeca3e6000-7fdecccb4000 rw-p 00000000 00:00 0 
7fdecccb4000-7fdecccb5000 ---p 00000000 00:00 0 
7fdecccb5000-7fdeccdb5000 rw-p 00000000 00:00 0 
7fdeccdb5000-7fdeccdb6000 ---p 00000000 00:00 0 
7fdeccdb6000-7fdeccecb000 rw-p 00000000 00:00 0 
7fdeccecb000-7fdecd000000 ---p 00000000 00:00 0 
7fdecd000000-7fdecd480000 rwxp 00000000 00:00 0 
7fdecd480000-7fdedc000000 ---p 00000000 00:00 0 
7fdedc000000-7fdedcacb000 rw-p 00000000 00:00 0 
7fdedcacb000-7fdee0000000 ---p 00000000 00:00 0 
7fdee0000000-7fdee0001000 r--s 00002000 08:01 401471                     /usr/share/java/tomcat8-api-8.0.32.jar
7fdee0001000-7fdee0004000 r--s 00018000 08:01 401445                     /usr/share/java/commons-pool-1.6.jar
7fdee0004000-7fdee0007000 r--s 00023000 08:01 401447                     /usr/share/java/commons-dbcp-1.4.jar
7fdee0007000-7fdee0011000 r--s 00116000 08:01 282483                     /usr/lib/jvm/java-8-openjdk-amd64/jre/lib/ext/localedata.jar
7fdee0011000-7fdee00bd000 rw-p 00000000 00:00 0 
7fdee00bd000-7fdee01f1000 ---p 00000000 00:00 0 
7fdee01f1000-7fdee0216000 rw-p 00000000 00:00 0 
7fdee0216000-7fdee0296000 ---p 00000000 00:00 0 
7fdee0296000-7fdee02a9000 rw-p 00000000 00:00 0 
7fdee02a9000-7fdee0657000 ---p 00000000 00:00 0 
7fdee0657000-7fdee065f000 r-xp 00000000 08:01 282506                     /usr/lib/jvm/java-8-openjdk-amd64/jre/lib/amd64/libzip.so
7fdee065f000-7fdee085e000 ---p 00008000 08:01 282506                     /usr/lib/jvm/java-8-openjdk-amd64/jre/lib/amd64/libzip.so
7fdee085e000-7fdee085f000 r--p 00007000 08:01 282506                     /usr/lib/jvm/java-8-openjdk-amd64/jre/lib/amd64/libzip.so
7fdee085f000-7fdee0860000 rw-p 00008000 08:01 282506                     /usr/lib/jvm/java-8-openjdk-amd64/jre/lib/amd64/libzip.so
7fdee0860000-7fdee086b000 r-xp 00000000 08:01 137571                     /lib/x86_64-linux-gnu/libnss_files-2.23.so
7fdee086b000-7fdee0a6a000 ---p 0000b000 08:01 137571                     /lib/x86_64-linux-gnu/libnss_files-2.23.so
7fdee0a6a000-7fdee0a6b000 r--p 0000a000 08:01 137571                     /lib/x86_64-linux-gnu/libnss_files-2.23.so
7fdee0a6b000-7fdee0a6c000 rw-p 0000b000 08:01 137571                     /lib/x86_64-linux-gnu/libnss_files-2.23.so
7fdee0a6c000-7fdee0a72000 rw-p 00000000 00:00 0 
7fdee0a72000-7fdee0a7d000 r-xp 00000000 08:01 137581                     /lib/x86_64-linux-gnu/libnss_nis-2.23.so
7fdee0a7d000-7fdee0c7c000 ---p 0000b000 08:01 137581                     /lib/x86_64-linux-gnu/libnss_nis-2.23.so
7fdee0c7c000-7fdee0c7d000 r--p 0000a000 08:01 137581                     /lib/x86_64-linux-gnu/libnss_nis-2.23.so
7fdee0c7d000-7fdee0c7e000 rw-p 0000b000 08:01 137581                     /lib/x86_64-linux-gnu/libnss_nis-2.23.so
7fdee0c7e000-7fdee0c94000 r-xp 00000000 08:01 137565                     /lib/x86_64-linux-gnu/libnsl-2.23.so
7fdee0c94000-7fdee0e93000 ---p 00016000 08:01 137565                     /lib/x86_64-linux-gnu/libnsl-2.23.so
7fdee0e93000-7fdee0e94000 r--p 00015000 08:01 137565                     /lib/x86_64-linux-gnu/libnsl-2.23.so
7fdee0e94000-7fdee0e95000 rw-p 00016000 08:01 137565                     /lib/x86_64-linux-gnu/libnsl-2.23.so
7fdee0e95000-7fdee0e97000 rw-p 00000000 00:00 0 
7fdee0e97000-7fdee0e9f000 r-xp 00000000 08:01 137567                     /lib/x86_64-linux-gnu/libnss_compat-2.23.so
7fdee0e9f000-7fdee109e000 ---p 00008000 08:01 137567                     /lib/x86_64-linux-gnu/libnss_compat-2.23.so
7fdee109e000-7fdee109f000 r--p 00007000 08:01 137567                     /lib/x86_64-linux-gnu/libnss_compat-2.23.so
7fdee109f000-7fdee10a0000 rw-p 00008000 08:01 137567                     /lib/x86_64-linux-gnu/libnss_compat-2.23.so
7fdee10a0000-7fdee10cd000 r-xp 00000000 08:01 282521                     /usr/lib/jvm/java-8-openjdk-amd64/jre/lib/amd64/libjava.so
7fdee10cd000-7fdee12cc000 ---p 0002d000 08:01 282521                     /usr/lib/jvm/java-8-openjdk-amd64/jre/lib/amd64/libjava.so
7fdee12cc000-7fdee12cd000 r--p 0002c000 08:01 282521                     /usr/lib/jvm/java-8-openjdk-amd64/jre/lib/amd64/libjava.so
7fdee12cd000-7fdee12cf000 rw-p 0002d000 08:01 282521                     /usr/lib/jvm/java-8-openjdk-amd64/jre/lib/amd64/libjava.so
7fdee12cf000-7fdee12de000 r-xp 00000000 08:01 282499                     /usr/lib/jvm/java-8-openjdk-amd64/jre/lib/amd64/libverify.so
7fdee12de000-7fdee14dd000 ---p 0000f000 08:01 282499                     /usr/lib/jvm/java-8-openjdk-amd64/jre/lib/amd64/libverify.so
7fdee14dd000-7fdee14df000 r--p 0000e000 08:01 282499                     /usr/lib/jvm/java-8-openjdk-amd64/jre/lib/amd64/libverify.so
7fdee14df000-7fdee14e0000 rw-p 00010000 08:01 282499                     /usr/lib/jvm/java-8-openjdk-amd64/jre/lib/amd64/libverify.so
7fdee14e0000-7fdee14e7000 r-xp 00000000 08:01 137626                     /lib/x86_64-linux-gnu/librt-2.23.so
7fdee14e7000-7fdee16e6000 ---p 00007000 08:01 137626                     /lib/x86_64-linux-gnu/librt-2.23.so
7fdee16e6000-7fdee16e7000 r--p 00006000 08:01 137626                     /lib/x86_64-linux-gnu/librt-2.23.so
7fdee16e7000-7fdee16e8000 rw-p 00007000 08:01 137626                     /lib/x86_64-linux-gnu/librt-2.23.so
7fdee16e8000-7fdee16fe000 r-xp 00000000 08:01 137510                     /lib/x86_64-linux-gnu/libgcc_s.so.1
7fdee16fe000-7fdee18fd000 ---p 00016000 08:01 137510                     /lib/x86_64-linux-gnu/libgcc_s.so.1
7fdee18fd000-7fdee18fe000 rw-p 00015000 08:01 137510                     /lib/x86_64-linux-gnu/libgcc_s.so.1
7fdee18fe000-7fdee1a06000 r-xp 00000000 08:01 137542                     /lib/x86_64-linux-gnu/libm-2.23.so
7fdee1a06000-7fdee1c05000 ---p 00108000 08:01 137542                     /lib/x86_64-linux-gnu/libm-2.23.so
7fdee1c05000-7fdee1c06000 r--p 00107000 08:01 137542                     /lib/x86_64-linux-gnu/libm-2.23.so
7fdee1c06000-7fdee1c07000 rw-p 00108000 08:01 137542                     /lib/x86_64-linux-gnu/libm-2.23.so
7fdee1c07000-7fdee1d79000 r-xp 00000000 08:01 13852                      /usr/lib/x86_64-linux-gnu/libstdc++.so.6.0.21
7fdee1d79000-7fdee1f79000 ---p 00172000 08:01 13852                      /usr/lib/x86_64-linux-gnu/libstdc++.so.6.0.21
7fdee1f79000-7fdee1f83000 r--p 00172000 08:01 13852                      /usr/lib/x86_64-linux-gnu/libstdc++.so.6.0.21
7fdee1f83000-7fdee1f85000 rw-p 0017c000 08:01 13852                      /usr/lib/x86_64-linux-gnu/libstdc++.so.6.0.21
7fdee1f85000-7fdee1f89000 rw-p 00000000 00:00 0 
7fdee1f89000-7fdee2bdd000 r-xp 00000000 08:01 282505                     /usr/lib/jvm/java-8-openjdk-amd64/jre/lib/amd64/server/libjvm.so
7fdee2bdd000-7fdee2ddd000 ---p 00c54000 08:01 282505                     /usr/lib/jvm/java-8-openjdk-amd64/jre/lib/amd64/server/libjvm.so
7fdee2ddd000-7fdee2e70000 r--p 00c54000 08:01 282505                     /usr/lib/jvm/java-8-openjdk-amd64/jre/lib/amd64/server/libjvm.so
7fdee2e70000-7fdee2e99000 rw-p 00ce7000 08:01 282505                     /usr/lib/jvm/java-8-openjdk-amd64/jre/lib/amd64/server/libjvm.so
7fdee2e99000-7fdee2ec9000 rw-p 00000000 00:00 0 
7fdee2ec9000-7fdee2ee1000 r-xp 00000000 08:01 137618                     /lib/x86_64-linux-gnu/libpthread-2.23.so
7fdee2ee1000-7fdee30e0000 ---p 00018000 08:01 137618                     /lib/x86_64-linux-gnu/libpthread-2.23.so
7fdee30e0000-7fdee30e1000 r--p 00017000 08:01 137618                     /lib/x86_64-linux-gnu/libpthread-2.23.so
7fdee30e1000-7fdee30e2000 rw-p 00018000 08:01 137618                     /lib/x86_64-linux-gnu/libpthread-2.23.so
7fdee30e2000-7fdee30e6000 rw-p 00000000 00:00 0 
7fdee30e6000-7fdee30e9000 r-xp 00000000 08:01 137496                     /lib/x86_64-linux-gnu/libdl-2.23.so
7fdee30e9000-7fdee32e8000 ---p 00003000 08:01 137496                     /lib/x86_64-linux-gnu/libdl-2.23.so
7fdee32e8000-7fdee32e9000 r--p 00002000 08:01 137496                     /lib/x86_64-linux-gnu/libdl-2.23.so
7fdee32e9000-7fdee32ea000 rw-p 00003000 08:01 137496                     /lib/x86_64-linux-gnu/libdl-2.23.so
7fdee32ea000-7fdee3303000 r-xp 00000000 08:01 137663                     /lib/x86_64-linux-gnu/libz.so.1.2.8
7fdee3303000-7fdee3502000 ---p 00019000 08:01 137663                     /lib/x86_64-linux-gnu/libz.so.1.2.8
7fdee3502000-7fdee3503000 r--p 00018000 08:01 137663                     /lib/x86_64-linux-gnu/libz.so.1.2.8
7fdee3503000-7fdee3504000 rw-p 00019000 08:01 137663                     /lib/x86_64-linux-gnu/libz.so.1.2.8
7fdee3504000-7fdee36c4000 r-xp 00000000 08:01 137472                     /lib/x86_64-linux-gnu/libc-2.23.so
7fdee36c4000-7fdee38c4000 ---p 001c0000 08:01 137472                     /lib/x86_64-linux-gnu/libc-2.23.so
7fdee38c4000-7fdee38c8000 r--p 001c0000 08:01 137472                     /lib/x86_64-linux-gnu/libc-2.23.so
7fdee38c8000-7fdee38ca000 rw-p 001c4000 08:01 137472                     /lib/x86_64-linux-gnu/libc-2.23.so
7fdee38ca000-7fdee38ce000 rw-p 00000000 00:00 0 
7fdee38ce000-7fdee38db000 r-xp 00000000 08:01 282497                     /usr/lib/jvm/java-8-openjdk-amd64/jre/lib/amd64/jli/libjli.so
7fdee38db000-7fdee3adb000 ---p 0000d000 08:01 282497                     /usr/lib/jvm/java-8-openjdk-amd64/jre/lib/amd64/jli/libjli.so
7fdee3adb000-7fdee3adc000 r--p 0000d000 08:01 282497                     /usr/lib/jvm/java-8-openjdk-amd64/jre/lib/amd64/jli/libjli.so
7fdee3adc000-7fdee3add000 rw-p 0000e000 08:01 282497                     /usr/lib/jvm/java-8-openjdk-amd64/jre/lib/amd64/jli/libjli.so
7fdee3add000-7fdee3b03000 r-xp 00000000 08:01 137444                     /lib/x86_64-linux-gnu/ld-2.23.so
7fdee3b03000-7fdee3b05000 r--s 00007000 08:01 401469                     /usr/share/java/tomcat8-websocket-api-8.0.32.jar
7fdee3b05000-7fdee3b07000 r--s 00008000 08:01 282489                     /usr/lib/jvm/java-8-openjdk-amd64/jre/lib/ext/sunec.jar
7fdee3b07000-7fdee3be0000 rw-p 00000000 00:00 0 
7fdee3be0000-7fdee3be3000 ---p 00000000 00:00 0 
7fdee3be3000-7fdee3ce6000 rw-p 00000000 00:00 0 
7fdee3ce6000-7fdee3ce7000 r--s 0000a000 08:01 282486                     /usr/lib/jvm/java-8-openjdk-amd64/jre/lib/ext/jaccess.jar
7fdee3ce7000-7fdee3ceb000 r--s 00037000 08:01 282484                     /usr/lib/jvm/java-8-openjdk-amd64/jre/lib/ext/sunpkcs11.jar
7fdee3ceb000-7fdee3cee000 r--s 0000f000 08:01 282488                     /usr/lib/jvm/java-8-openjdk-amd64/jre/lib/ext/icedtea-sound.jar
7fdee3cee000-7fdee3cf3000 r--s 0003b000 08:01 282487                     /usr/lib/jvm/java-8-openjdk-amd64/jre/lib/ext/sunjce_provider.jar
7fdee3cf3000-7fdee3cf5000 r--s 00001000 08:01 282485                     /usr/lib/jvm/java-8-openjdk-amd64/jre/lib/ext/dnsns.jar
7fdee3cf5000-7fdee3cf6000 r--s 00010000 08:01 282490                     /usr/lib/jvm/java-8-openjdk-amd64/jre/lib/ext/zipfs.jar
7fdee3cf6000-7fdee3cfe000 rw-s 00000000 08:01 1048583                    /tmp/hsperfdata_lbeutl/4897
7fdee3cfe000-7fdee3cff000 rw-p 00000000 00:00 0 
7fdee3cff000-7fdee3d00000 ---p 00000000 00:00 0 
7fdee3d00000-7fdee3d02000 rw-p 00000000 00:00 0 
7fdee3d02000-7fdee3d03000 r--p 00025000 08:01 137444                     /lib/x86_64-linux-gnu/ld-2.23.so
7fdee3d03000-7fdee3d04000 rw-p 00026000 08:01 137444                     /lib/x86_64-linux-gnu/ld-2.23.so
7fdee3d04000-7fdee3d05000 rw-p 00000000 00:00 0 
7fff2cd32000-7fff2cd56000 rw-p 00000000 00:00 0                          [stack]
7fff2cd59000-7fff2cd5b000 r--p 00000000 00:00 0                          [vvar]
7fff2cd5b000-7fff2cd5d000 r-xp 00000000 00:00 0                          [vdso]
ffffffffff600000-ffffffffff601000 r-xp 00000000 00:00 0                  [vsyscall]

VM Arguments:
jvm_args: -ea -Dfile.encoding=UTF-8 
java_command: org.eclipse.jdt.internal.junit.runner.RemoteTestRunner -version 3 -port 45253 -testLoaderClass org.eclipse.jdt.internal.junit4.runner.JUnit4TestLoader -loaderpluginname org.eclipse.jdt.junit4.runtime -classNames com.capgemini.test.junit.PersonDaoTest
java_class_path (initial): /home/lbeutl/git/ci_rt_roundtrip1/ci_round_trip/ci_rt_data/target/test-classes:/home/lbeutl/git/ci_rt_roundtrip1/ci_round_trip/ci_rt_data/target/classes:/usr/share/tomcat8/lib/catalina.jar:/usr/share/tomcat8/lib/websocket-api.jar:/usr/share/tomcat8/lib/commons-dbcp.jar:/usr/share/tomcat8/lib/commons-pool.jar:/usr/share/tomcat8/lib/catalina-tribes.jar:/usr/share/tomcat8/lib/annotations-api.jar:/usr/share/tomcat8/lib/catalina-ha.jar:/usr/share/tomcat8/lib/tomcat-i18n-ja.jar:/usr/share/tomcat8/lib/tomcat-util-scan.jar:/usr/share/tomcat8/lib/tomcat-dbcp.jar:/usr/share/tomcat8/lib/jsp-api.jar:/usr/share/tomcat8/lib/tomcat-util.jar:/usr/share/tomcat8/lib/servlet-api.jar:/usr/share/tomcat8/lib/el-api.jar:/usr/share/tomcat8/lib/tomcat-i18n-es.jar:/usr/share/tomcat8/lib/tomcat-coyote.jar:/usr/share/tomcat8/lib/catalina-storeconfig.jar:/usr/share/tomcat8/lib/tomcat-jdbc.jar:/usr/share/tomcat8/lib/tomcat-api.jar:/usr/share/tomcat8/lib/tomcat-jni.jar:/usr/share/tomcat8/lib/tomcat-websocket.jar:/usr/share/tomcat8/lib/catalina-ant.jar:/usr/share/tomcat8/lib/jasper.jar:/usr/share/tomcat8/lib/jasper-el.jar:/usr/share/tomcat8/lib/tomcat-i18n-fr.jar:/home/lbeutl/.m2/repository/org/springframework/spring-core/4.3.10.RELEASE/spring-core-4.3.10.RELEASE.jar:/home/lbeutl/.m2/repository/commons-logging/commons-logging/1.2/commons-logging-1.2.jar:/home/lbeutl/git/ci_rt_roundtrip1/ci_round_trip/ci_rt_logic/target/classes:/home/lbeutl/.m2/repository/org/hibernate/hibernate-entitymanager/5.2.10.Final/hibernate-entitymanager-5.2.10.Final.jar:/home/lbeutl/.m2/repository/org/jboss/logging/jboss-logging/3.3.0.Final/jboss-logging-3.3.0.Final.jar:/home/lbeutl/.m2/repository/org/hibernate/hibernate-core/5.2.10.Final/hibernate-core-5.2.10.Final.jar:/home/lbeutl/.m2/repository/antlr/antlr/2.7.7/antlr-2.7.7.jar:/home/lbeutl/.m2/repository/org/jboss/jandex/2.0.3.Final/jandex-2.0.3.Final.jar:/home/lbeutl/.m2/repository/com/fasterxml/classmate/1.3.0/classmate-1.3.0.jar:/home/lb
Launcher Type: SUN_STANDARD

Environment Variables:
PATH=/home/lbeutl/bin:/home/lbeutl/.local/bin:/usr/local/sbin:/usr/local/bin:/usr/sbin:/usr/bin:/sbin:/bin:/usr/games:/usr/local/games:/snap/bin
SHELL=/bin/bash
DISPLAY=:0

Signal Handlers:
SIGSEGV: [libjvm.so+0xa6ad10], sa_mask[0]=11111111011111111101111111111110, sa_flags=SA_RESTART|SA_SIGINFO
SIGBUS: [libjvm.so+0xa6ad10], sa_mask[0]=11111111011111111101111111111110, sa_flags=SA_RESTART|SA_SIGINFO
SIGFPE: [libjvm.so+0x8b3bc0], sa_mask[0]=11111111011111111101111111111110, sa_flags=SA_RESTART|SA_SIGINFO
SIGPIPE: [libjvm.so+0x8b3bc0], sa_mask[0]=11111111011111111101111111111110, sa_flags=SA_RESTART|SA_SIGINFO
SIGXFSZ: [libjvm.so+0x8b3bc0], sa_mask[0]=11111111011111111101111111111110, sa_flags=SA_RESTART|SA_SIGINFO
SIGILL: [libjvm.so+0x8b3bc0], sa_mask[0]=11111111011111111101111111111110, sa_flags=SA_RESTART|SA_SIGINFO
SIGUSR1: SIG_DFL, sa_mask[0]=00000000000000000000000000000000, sa_flags=none
SIGUSR2: [libjvm.so+0x8b3a70], sa_mask[0]=00100000000000000000000000000000, sa_flags=SA_RESTART|SA_SIGINFO
SIGHUP: [libjvm.so+0x8b3f40], sa_mask[0]=11111111011111111101111111111110, sa_flags=SA_RESTART|SA_SIGINFO
SIGINT: [libjvm.so+0x8b3f40], sa_mask[0]=11111111011111111101111111111110, sa_flags=SA_RESTART|SA_SIGINFO
SIGTERM: [libjvm.so+0x8b3f40], sa_mask[0]=11111111011111111101111111111110, sa_flags=SA_RESTART|SA_SIGINFO
SIGQUIT: [libjvm.so+0x8b3f40], sa_mask[0]=11111111011111111101111111111110, sa_flags=SA_RESTART|SA_SIGINFO


---------------  S Y S T E M  ---------------

OS:DISTRIB_ID=Ubuntu
DISTRIB_RELEASE=16.04
DISTRIB_CODENAME=xenial
DISTRIB_DESCRIPTION="Ubuntu 16.04.3 LTS"

uname:Linux 4.10.0-32-generic #36~16.04.1-Ubuntu SMP Wed Aug 9 09:19:02 UTC 2017 x86_64
libc:glibc 2.23 NPTL 2.23 
rlimit: STACK 8192k, CORE 0k, NPROC 15623, NOFILE 1048576, AS infinity
load average:2,90 2,65 2,14

/proc/meminfo:
MemTotal:        4044228 kB
MemFree:          112848 kB
MemAvailable:      15932 kB
Buffers:             480 kB
Cached:            92964 kB
SwapCached:            0 kB
Active:          3723016 kB
Inactive:          81892 kB
Active(anon):    3712556 kB
Inactive(anon):    70524 kB
Active(file):      10460 kB
Inactive(file):    11368 kB
Unevictable:           0 kB
Mlocked:               0 kB
SwapTotal:             0 kB
SwapFree:              0 kB
Dirty:               168 kB
Writeback:             0 kB
AnonPages:       3711588 kB
Mapped:            85392 kB
Shmem:             71448 kB
Slab:              48960 kB
SReclaimable:      21628 kB
SUnreclaim:        27332 kB
KernelStack:       10160 kB
PageTables:        39912 kB
NFS_Unstable:          0 kB
Bounce:                0 kB
WritebackTmp:          0 kB
CommitLimit:     2022112 kB
Committed_AS:    8043260 kB
VmallocTotal:   34359738367 kB
VmallocUsed:           0 kB
VmallocChunk:          0 kB
HardwareCorrupted:     0 kB
AnonHugePages:   2478080 kB
ShmemHugePages:        0 kB
ShmemPmdMapped:        0 kB
CmaTotal:              0 kB
CmaFree:               0 kB
HugePages_Total:       0
HugePages_Free:        0
HugePages_Rsvd:        0
HugePages_Surp:        0
Hugepagesize:       2048 kB
DirectMap4k:       98240 kB
DirectMap2M:     4096000 kB


CPU:total 2 (initial active 2) (2 cores per cpu, 1 threads per core) family 6 model 61 stepping 4, cmov, cx8, fxsr, mmx, sse, sse2, sse3, ssse3, sse4.1, sse4.2, popcnt, avx, aes, clmul, 3dnowpref, lzcnt, tsc, tscinvbit

/proc/cpuinfo:
processor	: 0
vendor_id	: GenuineIntel
cpu family	: 6
model		: 61
model name	: Intel(R) Core(TM) i7-5600U CPU @ 2.60GHz
stepping	: 4
cpu MHz		: 2593.992
cache size	: 4096 KB
physical id	: 0
siblings	: 2
core id		: 0
cpu cores	: 2
apicid		: 0
initial apicid	: 0
fpu		: yes
fpu_exception	: yes
cpuid level	: 20
wp		: yes
flags		: fpu vme de pse tsc msr pae mce cx8 apic sep mtrr pge mca cmov pat pse36 clflush mmx fxsr sse sse2 ht syscall nx rdtscp lm constant_tsc rep_good nopl xtopology nonstop_tsc pni pclmulqdq ssse3 cx16 sse4_1 sse4_2 x2apic movbe popcnt aes xsave avx rdrand hypervisor lahf_lm abm 3dnowprefetch rdseed
bugs		:
bogomips	: 5187.98
clflush size	: 64
cache_alignment	: 64
address sizes	: 39 bits physical, 48 bits virtual
power management:

processor	: 1
vendor_id	: GenuineIntel
cpu family	: 6
model		: 61
model name	: Intel(R) Core(TM) i7-5600U CPU @ 2.60GHz
stepping	: 4
cpu MHz		: 2593.992
cache size	: 4096 KB
physical id	: 0
siblings	: 2
core id		: 1
cpu cores	: 2
apicid		: 1
initial apicid	: 1
fpu		: yes
fpu_exception	: yes
cpuid level	: 20
wp		: yes
flags		: fpu vme de pse tsc msr pae mce cx8 apic sep mtrr pge mca cmov pat pse36 clflush mmx fxsr sse sse2 ht syscall nx rdtscp lm constant_tsc rep_good nopl xtopology nonstop_tsc pni pclmulqdq ssse3 cx16 sse4_1 sse4_2 x2apic movbe popcnt aes xsave avx rdrand hypervisor lahf_lm abm 3dnowprefetch rdseed
bugs		:
bogomips	: 5187.98
clflush size	: 64
cache_alignment	: 64
address sizes	: 39 bits physical, 48 bits virtual
power management:



Memory: 4k page, physical 4044228k(112848k free), swap 0k(0k free)

vm_info: OpenJDK 64-Bit Server VM (25.131-b11) for linux-amd64 JRE (1.8.0_131-8u131-b11-2ubuntu1.16.04.3-b11), built on Jul 28 2017 01:23:32 by "buildd" with gcc 5.4.0 20160609

time: Wed Aug 23 10:09:20 2017
elapsed time: 5 seconds (0d 0h 0m 5s)

